<?xml version="1.0" encoding="UTF-8"?>
<robot generator="Robot 5.0.1 (Python 3.10.12 on win32)" generated="20240527 15:29:36.612" rpa="false" schemaversion="3">
<suite id="s1" name="Example" source="c:\Users\lbenamar\Desktop\Nouveau dossier\robotframework-selenium-example\test-cases\example.robot">
<test id="s1-t1" name="Search Google with &quot;Google Search&quot; button via Chrome" line="10">
<kw name="Open Url With Chrome" library="keywords">
<arg>${GOOGLE_URL}</arg>
<kw name="Open Url" library="keywords">
<arg>Chrome</arg>
<arg>${url}</arg>
<kw name="Create WebDriver">
<arg>${browser}</arg>
<msg timestamp="20240527 15:29:36.635" level="FAIL">No keyword with name 'Create WebDriver' found.</msg>
<status status="FAIL" starttime="20240527 15:29:36.635" endtime="20240527 15:29:36.642"/>
</kw>
<kw name="Maximize Browser Window">
<status status="NOT RUN" starttime="20240527 15:29:36.642" endtime="20240527 15:29:36.642"/>
</kw>
<kw name="Go To">
<arg>${url}</arg>
<status status="NOT RUN" starttime="20240527 15:29:36.642" endtime="20240527 15:29:36.642"/>
</kw>
<kw name="Wait For Condition">
<arg>return !!document.body</arg>
<status status="NOT RUN" starttime="20240527 15:29:36.642" endtime="20240527 15:29:36.642"/>
</kw>
<status status="FAIL" starttime="20240527 15:29:36.635" endtime="20240527 15:29:36.642"/>
</kw>
<status status="FAIL" starttime="20240527 15:29:36.635" endtime="20240527 15:29:36.642"/>
</kw>
<kw name="Enter Keyword" library="keywords">
<arg>Github</arg>
<status status="NOT RUN" starttime="20240527 15:29:36.642" endtime="20240527 15:29:36.642"/>
</kw>
<kw name="Click Search Button" library="keywords">
<status status="NOT RUN" starttime="20240527 15:29:36.642" endtime="20240527 15:29:36.642"/>
</kw>
<kw name="Wait Until Element Is Visible">
<arg>css:div#rso</arg>
<status status="NOT RUN" starttime="20240527 15:29:36.642" endtime="20240527 15:29:36.642"/>
</kw>
<kw name="Page Should Contain Element">
<arg>xpath://cite[contains(text(), "https://github.com")]</arg>
<status status="NOT RUN" starttime="20240527 15:29:36.642" endtime="20240527 15:29:36.642"/>
</kw>
<kw name="Close Browser" type="TEARDOWN">
<msg timestamp="20240527 15:29:36.653" level="FAIL">No keyword with name 'Close Browser' found.</msg>
<status status="FAIL" starttime="20240527 15:29:36.653" endtime="20240527 15:29:36.653">No keyword with name 'Close Browser' found.</status>
</kw>
<status status="FAIL" starttime="20240527 15:29:36.635" endtime="20240527 15:29:36.653">No keyword with name 'Create WebDriver' found.

Also teardown failed:
No keyword with name 'Close Browser' found.</status>
</test>
<doc>Search Google</doc>
<status status="FAIL" starttime="20240527 15:29:36.615" endtime="20240527 15:29:36.653"/>
</suite>
<statistics>
<total>
<stat pass="0" fail="1" skip="0">All Tests</stat>
</total>
<tag>
</tag>
<suite>
<stat pass="0" fail="1" skip="0" id="s1" name="Example">Example</stat>
</suite>
</statistics>
<errors>
<msg timestamp="20240527 15:29:36.629" level="ERROR">Error in file 'c:\Users\lbenamar\Desktop\Nouveau dossier\robotframework-selenium-example\test-cases\example.robot' on line 3: Importing library 'SeleniumLibrary' failed: ModuleNotFoundError: No module named 'SeleniumLibrary'
Traceback (most recent call last):
  None
PYTHONPATH:
  c:\Users\lbenamar\.vscode\extensions\robocorp.robotframework-lsp-1.12.0\src\robotframework_debug_adapter
  C:\Users\lbenamar\Desktop\Nouveau dossier\robotframework-selenium-example
  c:\Users\lbenamar\.vscode\extensions\robocorp.robotframework-lsp-1.12.0\src
  c:\Users\lbenamar\.vscode\extensions\robocorp.robotframework-lsp-1.12.0\src\robotframework_ls\vendored
  c:\ProgramData\robocorp\ht\1c93447_b1f3c24_66529ced\python310.zip
  c:\ProgramData\robocorp\ht\1c93447_b1f3c24_66529ced\DLLs
  c:\ProgramData\robocorp\ht\1c93447_b1f3c24_66529ced\lib
  c:\ProgramData\robocorp\ht\1c93447_b1f3c24_66529ced
  c:\ProgramData\robocorp\ht\1c93447_b1f3c24_66529ced\lib\site-packages
  c:\ProgramData\robocorp\ht\1c93447_b1f3c24_66529ced\lib\site-packages\win32
  c:\ProgramData\robocorp\ht\1c93447_b1f3c24_66529ced\lib\site-packages\win32\lib
  c:\ProgramData\robocorp\ht\1c93447_b1f3c24_66529ced\lib\site-packages\Pythonwin</msg>
</errors>
</robot>
